set -o pipefail; /usr/bin/mariadb-dump --user=_a3fa789b3e34a367 --host=127.0.0.1 --port=3306 --password=********** --single-transaction --quick --lock-tables=false _a3fa789b3e34a367 | /usr/bin/gzip >> ./task.local/private/backups/20251030_120001-task_local-database.sql.gz

Backup Summary for task.local at 2025-10-30 12:00:02.164709
Config  : /home/mohamed/Desktop/projects/old/task/sites/task.local/private/backups/20251030_120001-task_local-site_config_backup.json 127.0B
Database: /home/mohamed/Desktop/projects/old/task/sites/task.local/private/backups/20251030_120001-task_local-database.sql.gz 228.2KiB
Backup for Site task.local has been successfully completed
set -o pipefail; /usr/bin/mariadb-dump --user=_a3fa789b3e34a367 --host=127.0.0.1 --port=3306 --password=********** --single-transaction --quick --lock-tables=false _a3fa789b3e34a367 | /usr/bin/gzip >> ./task.local/private/backups/20251030_180002-task_local-database.sql.gz

Backup Summary for task.local at 2025-10-30 18:00:02.764842
Config  : /home/mohamed/Desktop/projects/old/task/sites/task.local/private/backups/20251030_180002-task_local-site_config_backup.json 148.0B
Database: /home/mohamed/Desktop/projects/old/task/sites/task.local/private/backups/20251030_180002-task_local-database.sql.gz 235.0KiB
Backup for Site task.local has been successfully completed
set -o pipefail; /usr/bin/mariadb-dump --user=_a3fa789b3e34a367 --host=127.0.0.1 --port=3306 --password=********** --single-transaction --quick --lock-tables=false _a3fa789b3e34a367 | /usr/bin/gzip >> ./task.local/private/backups/20251031_180003-task_local-database.sql.gz

Backup Summary for task.local at 2025-10-31 18:00:03.959666
Config  : /home/mohamed/Desktop/projects/old/task/sites/task.local/private/backups/20251031_180003-task_local-site_config_backup.json 148.0B
Database: /home/mohamed/Desktop/projects/old/task/sites/task.local/private/backups/20251031_180003-task_local-database.sql.gz 240.9KiB
Backup for Site task.local has been successfully completed
set -o pipefail; /usr/bin/mariadb-dump --user=_a3fa789b3e34a367 --host=127.0.0.1 --port=3306 --password=********** --single-transaction --quick --lock-tables=false _a3fa789b3e34a367 | /usr/bin/gzip >> ./task.local/private/backups/20251102_120003-task_local-database.sql.gz

Backup Summary for task.local at 2025-11-02 12:00:03.847588
Config  : /home/mohamed/Desktop/projects/old/task/sites/task.local/private/backups/20251102_120003-task_local-site_config_backup.json 148.0B
Database: /home/mohamed/Desktop/projects/old/task/sites/task.local/private/backups/20251102_120003-task_local-database.sql.gz 240.9KiB
Backup for Site task.local has been successfully completed
