2025-10-30 11:34:22,813 ERROR frappe Error while inserting deferred Error Log record: 'str' object has no attribute 'update'
Site: task.local
Form Dict: {'key': '********', 'old_password': '********', 'new_password': '********', 'confirm_password': '********', 'logout_all_sessions': '1', 'cmd': 'frappe.core.doctype.user.user.update_password'}
2025-10-30 11:34:22,813 ERROR frappe Error while inserting deferred Error Log record: 'str' object has no attribute 'update'
Site: task.local
Form Dict: {'key': '********', 'old_password': '********', 'new_password': '********', 'confirm_password': '********', 'logout_all_sessions': '1', 'cmd': 'frappe.core.doctype.user.user.update_password'}
2025-10-30 11:34:22,813 ERROR frappe Error while inserting deferred Error Log record: 'str' object has no attribute 'update'
Site: task.local
Form Dict: {'key': '********', 'old_password': '********', 'new_password': '********', 'confirm_password': '********', 'logout_all_sessions': '1', 'cmd': 'frappe.core.doctype.user.user.update_password'}
2025-10-30 11:34:22,813 ERROR frappe Error while inserting deferred Error Log record: 'str' object has no attribute 'update'
Site: task.local
Form Dict: {'key': '********', 'old_password': '********', 'new_password': '********', 'confirm_password': '********', 'logout_all_sessions': '1', 'cmd': 'frappe.core.doctype.user.user.update_password'}
2025-10-30 11:34:22,813 ERROR frappe Error while inserting deferred Error Log record: 'str' object has no attribute 'update'
Site: task.local
Form Dict: {'key': '********', 'old_password': '********', 'new_password': '********', 'confirm_password': '********', 'logout_all_sessions': '1', 'cmd': 'frappe.core.doctype.user.user.update_password'}
2025-10-30 11:34:22,813 ERROR frappe Error while inserting deferred Error Log record: 'str' object has no attribute 'update'
Site: task.local
Form Dict: {'key': '********', 'old_password': '********', 'new_password': '********', 'confirm_password': '********', 'logout_all_sessions': '1', 'cmd': 'frappe.core.doctype.user.user.update_password'}
2025-10-30 11:34:22,813 ERROR frappe Error while inserting deferred Error Log record: 'str' object has no attribute 'update'
Site: task.local
Form Dict: {'key': '********', 'old_password': '********', 'new_password': '********', 'confirm_password': '********', 'logout_all_sessions': '1', 'cmd': 'frappe.core.doctype.user.user.update_password'}
2025-10-30 11:34:22,813 ERROR frappe Error while inserting deferred Error Log record: 'str' object has no attribute 'update'
Site: task.local
Form Dict: {'key': '********', 'old_password': '********', 'new_password': '********', 'confirm_password': '********', 'logout_all_sessions': '1', 'cmd': 'frappe.core.doctype.user.user.update_password'}
2025-10-30 11:34:22,814 ERROR frappe Error while inserting deferred Error Log record: 'str' object has no attribute 'update'
Site: task.local
Form Dict: {'key': '********', 'old_password': '********', 'new_password': '********', 'confirm_password': '********', 'logout_all_sessions': '1', 'cmd': 'frappe.core.doctype.user.user.update_password'}
2025-10-30 11:34:22,814 ERROR frappe Error while inserting deferred Error Log record: 'str' object has no attribute 'update'
Site: task.local
Form Dict: {'key': '********', 'old_password': '********', 'new_password': '********', 'confirm_password': '********', 'logout_all_sessions': '1', 'cmd': 'frappe.core.doctype.user.user.update_password'}
2025-10-30 11:34:22,814 ERROR frappe Error while inserting deferred Error Log record: 'str' object has no attribute 'update'
Site: task.local
Form Dict: {'key': '********', 'old_password': '********', 'new_password': '********', 'confirm_password': '********', 'logout_all_sessions': '1', 'cmd': 'frappe.core.doctype.user.user.update_password'}
2025-10-30 11:34:22,814 ERROR frappe Error while inserting deferred Error Log record: 'str' object has no attribute 'update'
Site: task.local
Form Dict: {'key': '********', 'old_password': '********', 'new_password': '********', 'confirm_password': '********', 'logout_all_sessions': '1', 'cmd': 'frappe.core.doctype.user.user.update_password'}
2025-10-30 11:34:22,814 ERROR frappe Error while inserting deferred Error Log record: 'str' object has no attribute 'update'
Site: task.local
Form Dict: {'key': '********', 'old_password': '********', 'new_password': '********', 'confirm_password': '********', 'logout_all_sessions': '1', 'cmd': 'frappe.core.doctype.user.user.update_password'}
2025-10-30 11:34:22,814 ERROR frappe New Exception collected in error log
Site: task.local
Form Dict: {'key': '********', 'old_password': '********', 'new_password': '********', 'confirm_password': '********', 'logout_all_sessions': '1', 'cmd': 'frappe.core.doctype.user.user.update_password'}
2025-10-30 11:34:28,495 ERROR frappe Error while inserting deferred Error Log record: 'str' object has no attribute 'update'
Site: task.local
Form Dict: {'key': '********', 'old_password': '********', 'new_password': '********', 'confirm_password': '********', 'logout_all_sessions': '1', 'cmd': 'frappe.core.doctype.user.user.update_password'}
2025-10-30 11:34:28,495 ERROR frappe Error while inserting deferred Error Log record: 'str' object has no attribute 'update'
Site: task.local
Form Dict: {'key': '********', 'old_password': '********', 'new_password': '********', 'confirm_password': '********', 'logout_all_sessions': '1', 'cmd': 'frappe.core.doctype.user.user.update_password'}
2025-10-30 11:34:28,495 ERROR frappe Error while inserting deferred Error Log record: 'str' object has no attribute 'update'
Site: task.local
Form Dict: {'key': '********', 'old_password': '********', 'new_password': '********', 'confirm_password': '********', 'logout_all_sessions': '1', 'cmd': 'frappe.core.doctype.user.user.update_password'}
2025-10-30 11:34:28,496 ERROR frappe Error while inserting deferred Error Log record: 'str' object has no attribute 'update'
Site: task.local
Form Dict: {'key': '********', 'old_password': '********', 'new_password': '********', 'confirm_password': '********', 'logout_all_sessions': '1', 'cmd': 'frappe.core.doctype.user.user.update_password'}
2025-10-30 11:34:28,496 ERROR frappe Error while inserting deferred Error Log record: 'str' object has no attribute 'update'
Site: task.local
Form Dict: {'key': '********', 'old_password': '********', 'new_password': '********', 'confirm_password': '********', 'logout_all_sessions': '1', 'cmd': 'frappe.core.doctype.user.user.update_password'}
2025-10-30 11:34:28,496 ERROR frappe Error while inserting deferred Error Log record: 'str' object has no attribute 'update'
Site: task.local
Form Dict: {'key': '********', 'old_password': '********', 'new_password': '********', 'confirm_password': '********', 'logout_all_sessions': '1', 'cmd': 'frappe.core.doctype.user.user.update_password'}
2025-10-30 11:34:28,496 ERROR frappe Error while inserting deferred Error Log record: 'str' object has no attribute 'update'
Site: task.local
Form Dict: {'key': '********', 'old_password': '********', 'new_password': '********', 'confirm_password': '********', 'logout_all_sessions': '1', 'cmd': 'frappe.core.doctype.user.user.update_password'}
2025-10-30 11:34:28,496 ERROR frappe Error while inserting deferred Error Log record: 'str' object has no attribute 'update'
Site: task.local
Form Dict: {'key': '********', 'old_password': '********', 'new_password': '********', 'confirm_password': '********', 'logout_all_sessions': '1', 'cmd': 'frappe.core.doctype.user.user.update_password'}
2025-10-30 11:34:28,496 ERROR frappe Error while inserting deferred Error Log record: 'str' object has no attribute 'update'
Site: task.local
Form Dict: {'key': '********', 'old_password': '********', 'new_password': '********', 'confirm_password': '********', 'logout_all_sessions': '1', 'cmd': 'frappe.core.doctype.user.user.update_password'}
2025-10-30 11:34:28,496 ERROR frappe Error while inserting deferred Error Log record: 'str' object has no attribute 'update'
Site: task.local
Form Dict: {'key': '********', 'old_password': '********', 'new_password': '********', 'confirm_password': '********', 'logout_all_sessions': '1', 'cmd': 'frappe.core.doctype.user.user.update_password'}
2025-10-30 11:34:28,497 ERROR frappe Error while inserting deferred Error Log record: 'str' object has no attribute 'update'
Site: task.local
Form Dict: {'key': '********', 'old_password': '********', 'new_password': '********', 'confirm_password': '********', 'logout_all_sessions': '1', 'cmd': 'frappe.core.doctype.user.user.update_password'}
2025-10-30 11:34:28,497 ERROR frappe Error while inserting deferred Error Log record: 'str' object has no attribute 'update'
Site: task.local
Form Dict: {'key': '********', 'old_password': '********', 'new_password': '********', 'confirm_password': '********', 'logout_all_sessions': '1', 'cmd': 'frappe.core.doctype.user.user.update_password'}
2025-10-30 11:34:28,497 ERROR frappe Error while inserting deferred Error Log record: 'str' object has no attribute 'update'
Site: task.local
Form Dict: {'key': '********', 'old_password': '********', 'new_password': '********', 'confirm_password': '********', 'logout_all_sessions': '1', 'cmd': 'frappe.core.doctype.user.user.update_password'}
2025-10-30 11:34:28,497 ERROR frappe New Exception collected in error log
Site: task.local
Form Dict: {'key': '********', 'old_password': '********', 'new_password': '********', 'confirm_password': '********', 'logout_all_sessions': '1', 'cmd': 'frappe.core.doctype.user.user.update_password'}
2025-10-30 18:21:40,179 ERROR frappe New Exception collected in error log
Site: task.local
Form Dict: {'doc': '{"name":"Publisher","owner":"Administrator","creation":"2025-10-30 14:42:53.244503","modified":"2025-10-30 14:44:49.559681","modified_by":"Administrator","docstatus":0,"idx":0,"read_only":0,"in_create":0,"protect_attached_files":0,"naming_rule":"By fieldname","allow_rename":1,"module":"library","is_submittable":0,"istable":0,"issingle":0,"is_tree":0,"is_calendar_and_gantt":0,"editable_grid":0,"quick_entry":0,"grid_page_length":50,"rows_threshold_for_grid_search":20,"track_changes":0,"track_seen":0,"track_views":0,"custom":1,"beta":0,"is_virtual":0,"queue_in_background":0,"max_attachments":0,"hide_toolbar":0,"allow_copy":0,"allow_import":0,"allow_events_in_timeline":0,"allow_auto_repeat":0,"make_attachments_public":0,"show_title_field_in_link":0,"translated_doctype":0,"sort_field":"creation","sort_order":"DESC","force_re_route_to_default_view":0,"document_type":"","show_preview_popup":0,"show_name_in_global_search":0,"email_append_to":0,"has_web_view":0,"allow_guest_to_view":0,"index_web_pages_for_search":1,"engine":"InnoDB","row_format":"Dynamic","doctype":"DocType","fields":[{"name":"77fl5ftf4l","owner":"Administrator","creation":"2025-10-30 14:42:53.244503","modified":"2025-10-30 14:44:49.559681","modified_by":"Administrator","docstatus":0,"idx":1,"label":"Publisher","fieldtype":"Section Break","fieldname":"publisher_section","length":0,"precision":"","non_negative":0,"hide_days":0,"hide_seconds":0,"reqd":0,"is_virtual":0,"search_index":0,"not_nullable":0,"mask":0,"sort_options":0,"show_dashboard":0,"fetch_if_empty":0,"hidden":0,"show_on_timeline":0,"bold":0,"allow_in_quick_entry":0,"translatable":0,"print_hide":0,"print_hide_if_no_value":0,"report_hide":0,"collapsible":0,"hide_border":0,"in_list_view":0,"in_standard_filter":0,"in_preview":0,"sticky":0,"in_filter":0,"in_global_search":0,"read_only":0,"allow_on_submit":0,"ignore_user_permissions":0,"allow_bulk_edit":0,"make_attachment_public":0,"permlevel":0,"ignore_xss_filter":0,"unique":0,"no_copy":0,"set_only_once":0,"remember_last_selected_value":0,"columns":0,"parent":"Publisher","parentfield":"fields","parenttype":"DocType","doctype":"DocField"},{"name":"77fj03roko","owner":"Administrator","creation":"2025-10-30 14:42:53.244503","modified":"2025-10-30 14:44:49.559681","modified_by":"Administrator","docstatus":0,"idx":2,"label":"Name","fieldtype":"Data","fieldname":"name1","length":0,"precision":"","non_negative":0,"hide_days":0,"hide_seconds":0,"reqd":1,"is_virtual":0,"search_index":0,"not_nullable":0,"mask":0,"sort_options":0,"show_dashboard":0,"fetch_if_empty":0,"hidden":0,"show_on_timeline":0,"bold":0,"allow_in_quick_entry":0,"translatable":0,"print_hide":0,"print_hide_if_no_value":0,"report_hide":0,"collapsible":0,"hide_border":0,"in_list_view":1,"in_standard_filter":1,"in_preview":0,"sticky":0,"in_filter":0,"in_global_search":0,"read_only":0,"allow_on_submit":0,"ignore_user_permissions":0,"allow_bulk_edit":0,"make_attachment_public":0,"permlevel":0,"ignore_xss_filter":0,"unique":0,"no_copy":0,"set_only_once":0,"remember_last_selected_value":0,"columns":0,"parent":"Publisher","parentfield":"fields","parenttype":"DocType","doctype":"DocField"},{"name":"77fpq6pqhg","owner":"Administrator","creation":"2025-10-30 14:42:53.244503","modified":"2025-10-30 14:44:49.559681","modified_by":"Administrator","docstatus":0,"idx":3,"label":"Address","fieldtype":"Data","fieldname":"address","length":0,"precision":"","non_negative":0,"hide_days":0,"hide_seconds":0,"reqd":0,"is_virtual":0,"search_index":0,"not_nullable":0,"mask":0,"sort_options":0,"show_dashboard":0,"fetch_if_empty":0,"hidden":0,"show_on_timeline":0,"bold":0,"allow_in_quick_entry":0,"translatable":0,"print_hide":0,"print_hide_if_no_value":0,"report_hide":0,"collapsible":0,"hide_border":0,"in_list_view":0,"in_standard_filter":0,"in_preview":0,"sticky":0,"in_filter":0,"in_global_search":0,"read_only":0,"allow_on_submit":0,"ignore_user_permissions":0,"allow_bulk_edit":0,"make_attachment_public":0,"permlevel":0,"ignore_xss_filter":0,"unique":0,"no_copy":0,"set_only_once":0,"remember_last_selected_value":0,"columns":0,"parent":"Publisher","parentfield":"fields","parenttype":"DocType","doctype":"DocField"},{"name":"77fe26fikm","owner":"Administrator","creation":"2025-10-30 14:42:53.244503","modified":"2025-10-30 14:44:49.559681","modified_by":"Administrator","docstatus":0,"idx":4,"label":"Email","fieldtype":"Data","fieldname":"email","length":0,"precision":"","non_negative":0,"hide_days":0,"hide_seconds":0,"reqd":0,"is_virtual":0,"search_index":0,"not_nullable":0,"mask":0,"sort_options":0,"show_dashboard":0,"fetch_if_empty":0,"hidden":0,"show_on_timeline":0,"bold":0,"allow_in_quick_entry":0,"translatable":0,"print_hide":0,"print_hide_if_no_value":0,"report_hide":0,"collapsible":0,"hide_border":0,"in_list_view":0,"in_standard_filter":0,"in_preview":0,"sticky":0,"in_filter":0,"in_global_search":0,"read_only":0,"allow_on_submit":0,"ignore_user_permissions":0,"allow_bulk_edit":0,"make_attachment_public":0,"permlevel":0,"ignore_xss_filter":0,"unique":0,"no_copy":0,"set_only_once":0,"remember_last_selected_value":0,"columns":0,"parent":"Publisher","parentfield":"fields","parenttype":"DocType","doctype":"DocField"},{"name":"77f0i3jlkc","owner":"Administrator","creation":"2025-10-30 14:42:53.244503","modified":"2025-10-30 14:44:49.559681","modified_by":"Administrator","docstatus":0,"idx":5,"label":"Phone","fieldtype":"Data","fieldname":"phone","length":0,"precision":"","non_negative":0,"hide_days":0,"hide_seconds":0,"reqd":0,"is_virtual":0,"search_index":0,"not_nullable":0,"mask":0,"sort_options":0,"show_dashboard":0,"fetch_if_empty":0,"hidden":0,"show_on_timeline":0,"bold":0,"allow_in_quick_entry":0,"translatable":0,"print_hide":0,"print_hide_if_no_value":0,"report_hide":0,"collapsible":0,"hide_border":0,"in_list_view":0,"in_standard_filter":0,"in_preview":0,"sticky":0,"in_filter":0,"in_global_search":0,"read_only":0,"allow_on_submit":0,"ignore_user_permissions":0,"allow_bulk_edit":0,"make_attachment_public":0,"permlevel":0,"ignore_xss_filter":0,"unique":0,"no_copy":0,"set_only_once":0,"remember_last_selected_value":0,"columns":0,"parent":"Publisher","parentfield":"fields","parenttype":"DocType","doctype":"DocField"}],"permissions":[{"name":"634f39b1ts","owner":"Administrator","creation":"2025-10-30 14:42:53.244503","modified":"2025-10-30 14:44:49.559681","modified_by":"Administrator","docstatus":0,"idx":1,"role":"System Manager","if_owner":0,"permlevel":0,"select":0,"read":1,"write":1,"create":1,"delete":1,"submit":0,"cancel":0,"amend":0,"mask":0,"report":1,"export":1,"import":0,"share":1,"print":1,"email":1,"parent":"Publisher","parentfield":"permissions","parenttype":"DocType","doctype":"DocPerm"}],"actions":[],"links":[],"states":[],"__unsaved":1,"autoname":"field:"}', 'action': 'Save', 'cmd': 'frappe.desk.form.save.savedocs'}
2025-11-02 13:47:24,338 ERROR frappe New Exception collected in error log
Site: task.local
Form Dict: {'doc': '{"name":"Library Member","owner":"Administrator","creation":"2025-10-30 18:29:59.394667","modified":"2025-10-30 18:35:16.870192","modified_by":"Administrator","docstatus":0,"idx":0,"read_only":0,"in_create":0,"protect_attached_files":0,"naming_rule":"By fieldname","allow_rename":1,"module":"library","is_submittable":0,"istable":0,"issingle":0,"is_tree":0,"is_calendar_and_gantt":0,"editable_grid":0,"quick_entry":0,"grid_page_length":50,"rows_threshold_for_grid_search":20,"track_changes":0,"track_seen":0,"track_views":0,"custom":1,"beta":0,"is_virtual":0,"queue_in_background":0,"max_attachments":0,"hide_toolbar":0,"allow_copy":0,"allow_import":0,"allow_events_in_timeline":0,"allow_auto_repeat":0,"make_attachments_public":0,"show_title_field_in_link":0,"translated_doctype":0,"sort_field":"creation","sort_order":"DESC","force_re_route_to_default_view":0,"document_type":"","show_preview_popup":0,"show_name_in_global_search":0,"email_append_to":0,"has_web_view":0,"allow_guest_to_view":0,"index_web_pages_for_search":1,"engine":"InnoDB","row_format":"Dynamic","doctype":"DocType","fields":[{"name":"e8gkm8pive","owner":"Administrator","creation":"2025-10-30 18:29:59.394667","modified":"2025-10-30 18:35:16.870192","modified_by":"Administrator","docstatus":0,"idx":1,"label":"Library Member","fieldtype":"Section Break","fieldname":"library_member_section","length":0,"precision":"","non_negative":0,"hide_days":0,"hide_seconds":0,"reqd":0,"is_virtual":0,"search_index":0,"not_nullable":0,"mask":0,"sort_options":0,"show_dashboard":0,"fetch_if_empty":0,"hidden":0,"show_on_timeline":0,"bold":0,"allow_in_quick_entry":0,"translatable":0,"print_hide":0,"print_hide_if_no_value":0,"report_hide":0,"collapsible":0,"hide_border":0,"in_list_view":0,"in_standard_filter":0,"in_preview":0,"sticky":0,"in_filter":0,"in_global_search":0,"read_only":0,"allow_on_submit":0,"ignore_user_permissions":0,"allow_bulk_edit":0,"make_attachment_public":0,"permlevel":0,"ignore_xss_filter":0,"unique":0,"no_copy":0,"set_only_once":0,"remember_last_selected_value":0,"columns":0,"parent":"Library Member","parentfield":"fields","parenttype":"DocType","doctype":"DocField"},{"name":"e8g4q9utrg","owner":"Administrator","creation":"2025-10-30 18:29:59.394667","modified":"2025-10-30 18:35:16.870192","modified_by":"Administrator","docstatus":0,"idx":2,"label":"Full Name","fieldtype":"Data","fieldname":"full_name","length":0,"precision":"","non_negative":0,"hide_days":0,"hide_seconds":0,"reqd":1,"is_virtual":0,"search_index":0,"not_nullable":0,"mask":0,"sort_options":0,"show_dashboard":0,"fetch_if_empty":0,"hidden":0,"show_on_timeline":0,"bold":0,"allow_in_quick_entry":0,"translatable":0,"print_hide":0,"print_hide_if_no_value":0,"report_hide":0,"collapsible":0,"hide_border":0,"in_list_view":0,"in_standard_filter":0,"in_preview":0,"sticky":0,"in_filter":0,"in_global_search":0,"read_only":0,"allow_on_submit":0,"ignore_user_permissions":0,"allow_bulk_edit":0,"make_attachment_public":0,"permlevel":0,"ignore_xss_filter":0,"unique":0,"no_copy":0,"set_only_once":0,"remember_last_selected_value":0,"columns":0,"parent":"Library Member","parentfield":"fields","parenttype":"DocType","doctype":"DocField"},{"name":"e8g2qpicap","owner":"Administrator","creation":"2025-10-30 18:29:59.394667","modified":"2025-10-30 18:35:16.870192","modified_by":"Administrator","docstatus":0,"idx":3,"label":"Email","fieldtype":"Data","fieldname":"email","length":0,"precision":"","non_negative":0,"hide_days":0,"hide_seconds":0,"reqd":0,"is_virtual":0,"search_index":0,"not_nullable":0,"mask":0,"sort_options":0,"show_dashboard":0,"fetch_if_empty":0,"hidden":0,"show_on_timeline":0,"bold":0,"allow_in_quick_entry":0,"translatable":0,"print_hide":0,"print_hide_if_no_value":0,"report_hide":0,"collapsible":0,"hide_border":0,"in_list_view":1,"in_standard_filter":0,"in_preview":0,"sticky":0,"in_filter":0,"in_global_search":0,"read_only":0,"allow_on_submit":0,"ignore_user_permissions":0,"allow_bulk_edit":0,"make_attachment_public":0,"permlevel":0,"ignore_xss_filter":0,"unique":0,"no_copy":0,"set_only_once":0,"remember_last_selected_value":0,"columns":0,"parent":"Library Member","parentfield":"fields","parenttype":"DocType","doctype":"DocField"},{"name":"e8ganrj61n","owner":"Administrator","creation":"2025-10-30 18:29:59.394667","modified":"2025-10-30 18:35:16.870192","modified_by":"Administrator","docstatus":0,"idx":4,"label":"Membership Date","fieldtype":"Date","fieldname":"membership_date","length":0,"precision":"","non_negative":0,"hide_days":0,"hide_seconds":0,"reqd":0,"is_virtual":0,"search_index":0,"not_nullable":0,"mask":0,"sort_options":0,"show_dashboard":0,"fetch_if_empty":0,"hidden":0,"show_on_timeline":0,"bold":0,"allow_in_quick_entry":0,"translatable":0,"print_hide":0,"print_hide_if_no_value":0,"report_hide":0,"collapsible":0,"hide_border":0,"in_list_view":0,"in_standard_filter":0,"in_preview":0,"sticky":0,"in_filter":0,"in_global_search":0,"read_only":0,"allow_on_submit":0,"ignore_user_permissions":0,"allow_bulk_edit":0,"make_attachment_public":0,"permlevel":0,"ignore_xss_filter":0,"unique":0,"no_copy":0,"set_only_once":0,"remember_last_selected_value":0,"columns":0,"parent":"Library Member","parentfield":"fields","parenttype":"DocType","doctype":"DocField"},{"name":"e8gsifitp0","owner":"Administrator","creation":"2025-10-30 18:29:59.394667","modified":"2025-10-30 18:35:16.870192","modified_by":"Administrator","docstatus":0,"idx":5,"label":"Expiry Date","fieldtype":"Date","fieldname":"expiry_date","length":0,"precision":"","non_negative":0,"hide_days":0,"hide_seconds":0,"reqd":0,"is_virtual":0,"search_index":0,"not_nullable":0,"mask":0,"sort_options":0,"show_dashboard":0,"fetch_if_empty":0,"hidden":0,"show_on_timeline":0,"bold":0,"allow_in_quick_entry":0,"translatable":0,"print_hide":0,"print_hide_if_no_value":0,"report_hide":0,"collapsible":0,"hide_border":0,"in_list_view":0,"in_standard_filter":0,"in_preview":0,"sticky":0,"in_filter":0,"in_global_search":0,"read_only":0,"allow_on_submit":0,"ignore_user_permissions":0,"allow_bulk_edit":0,"make_attachment_public":0,"permlevel":0,"ignore_xss_filter":0,"unique":0,"no_copy":0,"set_only_once":0,"remember_last_selected_value":0,"columns":0,"parent":"Library Member","parentfield":"fields","parenttype":"DocType","doctype":"DocField"},{"name":"e8g601t33s","owner":"Administrator","creation":"2025-10-30 18:29:59.394667","modified":"2025-10-30 18:35:16.870192","modified_by":"Administrator","docstatus":0,"idx":6,"label":"Phone","fieldtype":"Data","fieldname":"phone","length":0,"precision":"","non_negative":0,"hide_days":0,"hide_seconds":0,"reqd":0,"is_virtual":0,"search_index":0,"not_nullable":0,"mask":0,"sort_options":0,"show_dashboard":0,"fetch_if_empty":0,"hidden":0,"show_on_timeline":0,"bold":0,"allow_in_quick_entry":0,"translatable":0,"print_hide":0,"print_hide_if_no_value":0,"report_hide":0,"collapsible":0,"hide_border":0,"in_list_view":1,"in_standard_filter":0,"in_preview":0,"sticky":0,"in_filter":0,"in_global_search":0,"read_only":0,"allow_on_submit":0,"ignore_user_permissions":0,"allow_bulk_edit":0,"make_attachment_public":0,"permlevel":0,"ignore_xss_filter":0,"unique":0,"no_copy":0,"set_only_once":0,"remember_last_selected_value":0,"columns":0,"parent":"Library Member","parentfield":"fields","parenttype":"DocType","doctype":"DocField"},{"name":"e8gkrca5q0","owner":"Administrator","creation":"2025-10-30 18:29:59.394667","modified":"2025-10-30 18:35:16.870192","modified_by":"Administrator","docstatus":0,"idx":7,"label":"Address","fieldtype":"Small Text","fieldname":"address","length":0,"precision":"","non_negative":0,"hide_days":0,"hide_seconds":0,"reqd":0,"is_virtual":0,"search_index":0,"not_nullable":0,"mask":0,"sort_options":0,"show_dashboard":0,"fetch_if_empty":0,"hidden":0,"show_on_timeline":0,"bold":0,"allow_in_quick_entry":0,"translatable":0,"print_hide":0,"print_hide_if_no_value":0,"report_hide":0,"collapsible":0,"hide_border":0,"in_list_view":0,"in_standard_filter":0,"in_preview":0,"sticky":0,"in_filter":0,"in_global_search":0,"read_only":0,"allow_on_submit":0,"ignore_user_permissions":0,"allow_bulk_edit":0,"make_attachment_public":0,"permlevel":0,"ignore_xss_filter":0,"unique":0,"no_copy":0,"set_only_once":0,"remember_last_selected_value":0,"columns":0,"parent":"Library Member","parentfield":"fields","parenttype":"DocType","doctype":"DocField"},{"name":"e8gs3t69pa","owner":"Administrator","creation":"2025-10-30 18:29:59.394667","modified":"2025-10-30 18:35:16.870192","modified_by":"Administrator","docstatus":0,"idx":8,"label":"Active","fieldtype":"Check","fieldname":"active","length":0,"precision":"","non_negative":0,"hide_days":0,"hide_seconds":0,"reqd":0,"is_virtual":0,"search_index":0,"not_nullable":0,"mask":0,"sort_options":0,"show_dashboard":0,"default":"0","fetch_if_empty":0,"hidden":0,"show_on_timeline":0,"bold":0,"allow_in_quick_entry":0,"translatable":0,"print_hide":0,"print_hide_if_no_value":0,"report_hide":0,"collapsible":0,"hide_border":0,"in_list_view":0,"in_standard_filter":0,"in_preview":0,"sticky":0,"in_filter":0,"in_global_search":0,"read_only":0,"allow_on_submit":0,"ignore_user_permissions":0,"allow_bulk_edit":0,"make_attachment_public":0,"permlevel":0,"ignore_xss_filter":0,"unique":0,"no_copy":0,"set_only_once":0,"remember_last_selected_value":0,"columns":0,"parent":"Library Member","parentfield":"fields","parenttype":"DocType","doctype":"DocField"}],"permissions":[{"name":"b5a74jg8p4","owner":"Administrator","creation":"2025-10-30 18:29:59.394667","modified":"2025-10-30 18:35:16.870192","modified_by":"Administrator","docstatus":0,"idx":1,"role":"System Manager","if_owner":0,"permlevel":0,"select":0,"read":1,"write":1,"create":1,"delete":1,"submit":0,"cancel":0,"amend":0,"mask":0,"report":1,"export":1,"import":0,"share":1,"print":1,"email":1,"parent":"Library Member","parentfield":"permissions","parenttype":"DocType","doctype":"DocPerm"}],"actions":[],"links":[],"states":[],"__unsaved":1,"autoname":"field:name","title_field":"name"}', 'action': 'Save', 'cmd': 'frappe.desk.form.save.savedocs'}
2025-11-02 13:50:25,833 ERROR frappe New Exception collected in error log
Site: task.local
Form Dict: {'doc': '{"name":"dh42ifb9en","owner":"Administrator","creation":"2025-11-02 13:50:02.039957","modified":"2025-11-02 13:50:02.039957","modified_by":"Administrator","docstatus":0,"idx":0,"member":"salah","book":"6rbhich1vt","issue_date":"2025-11-02","due_date":"2025-11-03","return_date":"2025-11-03","status":"Issued","amended_from":null,"doctype":"Library Transaction","__last_sync_on":"2025-11-02T11:50:02.075Z"}', 'action': 'Submit', 'cmd': 'frappe.desk.form.save.savedocs'}
2025-11-03 09:50:37,743 ERROR frappe New Exception collected in error log
Site: task.local
Form Dict: {'doc': '{"name":"cv47rcr87s","owner":"Administrator","creation":"2025-11-03 09:50:34.094617","modified":"2025-11-03 09:50:34.094617","modified_by":"Administrator","docstatus":0,"idx":0,"member":"salah","book":"الفقه الميسر","issue_date":"2025-11-03","due_date":"2025-11-03","return_date":"2025-11-03","status":"","amended_from":null,"is_returned":0,"doctype":"Library Transaction","__last_sync_on":"2025-11-03T07:50:34.130Z"}', 'action': 'Submit', 'cmd': 'frappe.desk.form.save.savedocs'}
2025-11-03 09:52:12,916 ERROR frappe New Exception collected in error log
Site: task.local
Form Dict: {'doc': '{"name":"cv47rcr87s","owner":"Administrator","creation":"2025-11-03 09:50:34.094617","modified":"2025-11-03 09:50:34.094617","modified_by":"Administrator","docstatus":0,"idx":0,"member":"salah","book":"الفقه الميسر","issue_date":"2025-11-03","due_date":"2025-11-03","return_date":"2025-11-03","status":"","amended_from":null,"is_returned":0,"doctype":"Library Transaction","__last_sync_on":"2025-11-03T07:50:34.130Z"}', 'action': 'Submit', 'cmd': 'frappe.desk.form.save.savedocs'}
